<?xml version="1.0" encoding="UTF-8"?>
<!-- Generated by org.testng.reporters.JUnitXMLReporter -->
<testsuite ignored="0" hostname="Ananyas-MBP" failures="0" tests="9" name="Test" time="80.707" errors="0" timestamp="2024-01-21T08:58:11 EST">
  <testcase classname="TestScenarios.Registered_Checkout" name="LoginOperationO" time="5.072"/>
  <testcase classname="TestScenarios.Registered_Checkout" name="product" time="9.324"/>
  <testcase classname="TestScenarios.Registered_Checkout" name="addToCart" time="3.087"/>
  <testcase classname="TestScenarios.Registered_Checkout" name="cart1" time="3.402"/>
  <testcase classname="TestScenarios.Registered_Checkout" name="place_ORDER" time="17.255"/>
  <testcase classname="TestScenarios.Guest_User_Checkout" name="product" time="9.397"/>
  <testcase classname="TestScenarios.Guest_User_Checkout" name="addToCart" time="3.104"/>
  <testcase classname="TestScenarios.Guest_User_Checkout" name="cart1" time="3.275"/>
  <testcase classname="TestScenarios.Guest_User_Checkout" name="place_ORDER" time="17.417"/>
</testsuite> <!-- Test -->
