<?xml version="1.0" encoding="UTF-8"?>
<!-- Generated by org.testng.reporters.JUnitXMLReporter -->
<testsuite ignored="0" hostname="Ananyas-MBP" failures="0" tests="9" name="Test" time="79.388" errors="0" timestamp="2023-12-08T15:46:33 EST">
  <testcase classname="TestScenarios.Registered_Checkout" name="LoginOperationO" time="5.234"/>
  <testcase classname="TestScenarios.Registered_Checkout" name="product" time="9.293"/>
  <testcase classname="TestScenarios.Registered_Checkout" name="addToCart" time="3.13"/>
  <testcase classname="TestScenarios.Registered_Checkout" name="cart1" time="3.338"/>
  <testcase classname="TestScenarios.Registered_Checkout" name="place_ORDER" time="17.292"/>
  <testcase classname="TestScenarios.Guest_User_Checkout" name="product" time="9.54"/>
  <testcase classname="TestScenarios.Guest_User_Checkout" name="addToCart" time="3.113"/>
  <testcase classname="TestScenarios.Guest_User_Checkout" name="cart1" time="3.418"/>
  <testcase classname="TestScenarios.Guest_User_Checkout" name="place_ORDER" time="17.601"/>
</testsuite> <!-- Test -->
