<?xml version="1.0" encoding="UTF-8"?>
<testng-results ignored="0" total="9" passed="9" failed="0" skipped="0">
  <reporter-output>
  </reporter-output>
  <suite started-at="2023-12-08T15:45:13 EST" name="Suite" finished-at="2023-12-08T15:46:32 EST" duration-ms="79388">
    <groups>
    </groups>
    <test started-at="2023-12-08T15:45:13 EST" name="Test" finished-at="2023-12-08T15:46:32 EST" duration-ms="79388">
      <class name="TestScenarios.Guest_User_Checkout">
        <test-method is-config="true" signature="beforetest()[pri:0, instance:TestScenarios.Guest_User_Checkout@a530d0a]" started-at="2023-12-08T15:45:13 EST" name="beforetest" finished-at="2023-12-08T15:45:17 EST" duration-ms="4172" status="PASS">
          <reporter-output>
          </reporter-output>
        </test-method> <!-- beforetest -->
        <test-method signature="product()[pri:0, instance:TestScenarios.Guest_User_Checkout@a530d0a]" started-at="2023-12-08T15:45:58 EST" name="product" finished-at="2023-12-08T15:46:08 EST" duration-ms="9540" status="PASS">
          <reporter-output>
          </reporter-output>
        </test-method> <!-- product -->
        <test-method signature="addToCart()[pri:1, instance:TestScenarios.Guest_User_Checkout@a530d0a]" started-at="2023-12-08T15:46:08 EST" name="addToCart" finished-at="2023-12-08T15:46:11 EST" duration-ms="3113" status="PASS">
          <reporter-output>
          </reporter-output>
        </test-method> <!-- addToCart -->
        <test-method signature="cart1()[pri:2, instance:TestScenarios.Guest_User_Checkout@a530d0a]" started-at="2023-12-08T15:46:11 EST" name="cart1" finished-at="2023-12-08T15:46:14 EST" duration-ms="3418" status="PASS">
          <reporter-output>
          </reporter-output>
        </test-method> <!-- cart1 -->
        <test-method signature="place_ORDER()[pri:3, instance:TestScenarios.Guest_User_Checkout@a530d0a]" started-at="2023-12-08T15:46:14 EST" name="place_ORDER" finished-at="2023-12-08T15:46:32 EST" duration-ms="17601" status="PASS">
          <reporter-output>
          </reporter-output>
        </test-method> <!-- place_ORDER -->
        <test-method is-config="true" signature="aftertest()[pri:0, instance:TestScenarios.Guest_User_Checkout@a530d0a]" started-at="2023-12-08T15:46:32 EST" name="aftertest" finished-at="2023-12-08T15:46:32 EST" duration-ms="323" status="PASS">
          <reporter-output>
          </reporter-output>
        </test-method> <!-- aftertest -->
      </class> <!-- TestScenarios.Guest_User_Checkout -->
      <class name="TestScenarios.Registered_Checkout">
        <test-method is-config="true" signature="beforetest()[pri:0, instance:TestScenarios.Registered_Checkout@47987356]" started-at="2023-12-08T15:45:17 EST" name="beforetest" finished-at="2023-12-08T15:45:20 EST" duration-ms="2610" status="PASS">
          <reporter-output>
          </reporter-output>
        </test-method> <!-- beforetest -->
        <test-method signature="LoginOperationO()[pri:0, instance:TestScenarios.Registered_Checkout@47987356]" started-at="2023-12-08T15:45:20 EST" name="LoginOperationO" finished-at="2023-12-08T15:45:25 EST" duration-ms="5234" status="PASS">
          <reporter-output>
          </reporter-output>
        </test-method> <!-- LoginOperationO -->
        <test-method signature="product()[pri:1, instance:TestScenarios.Registered_Checkout@47987356]" started-at="2023-12-08T15:45:25 EST" name="product" finished-at="2023-12-08T15:45:34 EST" duration-ms="9293" status="PASS">
          <reporter-output>
          </reporter-output>
        </test-method> <!-- product -->
        <test-method signature="addToCart()[pri:2, instance:TestScenarios.Registered_Checkout@47987356]" started-at="2023-12-08T15:45:34 EST" name="addToCart" finished-at="2023-12-08T15:45:38 EST" duration-ms="3130" status="PASS">
          <reporter-output>
          </reporter-output>
        </test-method> <!-- addToCart -->
        <test-method signature="cart1()[pri:3, instance:TestScenarios.Registered_Checkout@47987356]" started-at="2023-12-08T15:45:38 EST" name="cart1" finished-at="2023-12-08T15:45:41 EST" duration-ms="3338" status="PASS">
          <reporter-output>
          </reporter-output>
        </test-method> <!-- cart1 -->
        <test-method signature="place_ORDER()[pri:4, instance:TestScenarios.Registered_Checkout@47987356]" started-at="2023-12-08T15:45:41 EST" name="place_ORDER" finished-at="2023-12-08T15:45:58 EST" duration-ms="17292" status="PASS">
          <reporter-output>
          </reporter-output>
        </test-method> <!-- place_ORDER -->
        <test-method is-config="true" signature="aftertest()[pri:0, instance:TestScenarios.Registered_Checkout@47987356]" started-at="2023-12-08T15:46:32 EST" name="aftertest" finished-at="2023-12-08T15:46:32 EST" duration-ms="265" status="PASS">
          <reporter-output>
          </reporter-output>
        </test-method> <!-- aftertest -->
      </class> <!-- TestScenarios.Registered_Checkout -->
    </test> <!-- Test -->
  </suite> <!-- Suite -->
</testng-results>
