<?xml version="1.0" encoding="UTF-8"?>
<testng-results ignored="0" total="9" passed="9" failed="0" skipped="0">
  <reporter-output>
  </reporter-output>
  <suite started-at="2024-01-21T08:56:50 EST" name="Suite" finished-at="2024-01-21T08:58:11 EST" duration-ms="80707">
    <groups>
    </groups>
    <test started-at="2024-01-21T08:56:50 EST" name="Test" finished-at="2024-01-21T08:58:11 EST" duration-ms="80707">
      <class name="TestScenarios.Guest_User_Checkout">
        <test-method is-config="true" signature="beforetest()[pri:0, instance:TestScenarios.Guest_User_Checkout@f0c8a99]" started-at="2024-01-21T08:56:50 EST" name="beforetest" finished-at="2024-01-21T08:56:57 EST" duration-ms="6474" status="PASS">
          <reporter-output>
          </reporter-output>
        </test-method> <!-- beforetest -->
        <test-method signature="product()[pri:0, instance:TestScenarios.Guest_User_Checkout@f0c8a99]" started-at="2024-01-21T08:57:37 EST" name="product" finished-at="2024-01-21T08:57:46 EST" duration-ms="9397" status="PASS">
          <reporter-output>
          </reporter-output>
        </test-method> <!-- product -->
        <test-method signature="addToCart()[pri:1, instance:TestScenarios.Guest_User_Checkout@f0c8a99]" started-at="2024-01-21T08:57:46 EST" name="addToCart" finished-at="2024-01-21T08:57:50 EST" duration-ms="3104" status="PASS">
          <reporter-output>
          </reporter-output>
        </test-method> <!-- addToCart -->
        <test-method signature="cart1()[pri:2, instance:TestScenarios.Guest_User_Checkout@f0c8a99]" started-at="2024-01-21T08:57:50 EST" name="cart1" finished-at="2024-01-21T08:57:53 EST" duration-ms="3275" status="PASS">
          <reporter-output>
          </reporter-output>
        </test-method> <!-- cart1 -->
        <test-method signature="place_ORDER()[pri:3, instance:TestScenarios.Guest_User_Checkout@f0c8a99]" started-at="2024-01-21T08:57:53 EST" name="place_ORDER" finished-at="2024-01-21T08:58:10 EST" duration-ms="17417" status="PASS">
          <reporter-output>
          </reporter-output>
        </test-method> <!-- place_ORDER -->
        <test-method is-config="true" signature="aftertest()[pri:0, instance:TestScenarios.Guest_User_Checkout@f0c8a99]" started-at="2024-01-21T08:58:10 EST" name="aftertest" finished-at="2024-01-21T08:58:10 EST" duration-ms="258" status="PASS">
          <reporter-output>
          </reporter-output>
        </test-method> <!-- aftertest -->
      </class> <!-- TestScenarios.Guest_User_Checkout -->
      <class name="TestScenarios.Registered_Checkout">
        <test-method is-config="true" signature="beforetest()[pri:0, instance:TestScenarios.Registered_Checkout@5ab956d7]" started-at="2024-01-21T08:56:57 EST" name="beforetest" finished-at="2024-01-21T08:56:59 EST" duration-ms="2339" status="PASS">
          <reporter-output>
          </reporter-output>
        </test-method> <!-- beforetest -->
        <test-method signature="LoginOperationO()[pri:0, instance:TestScenarios.Registered_Checkout@5ab956d7]" started-at="2024-01-21T08:56:59 EST" name="LoginOperationO" finished-at="2024-01-21T08:57:04 EST" duration-ms="5072" status="PASS">
          <reporter-output>
          </reporter-output>
        </test-method> <!-- LoginOperationO -->
        <test-method signature="product()[pri:1, instance:TestScenarios.Registered_Checkout@5ab956d7]" started-at="2024-01-21T08:57:04 EST" name="product" finished-at="2024-01-21T08:57:13 EST" duration-ms="9324" status="PASS">
          <reporter-output>
          </reporter-output>
        </test-method> <!-- product -->
        <test-method signature="addToCart()[pri:2, instance:TestScenarios.Registered_Checkout@5ab956d7]" started-at="2024-01-21T08:57:13 EST" name="addToCart" finished-at="2024-01-21T08:57:16 EST" duration-ms="3087" status="PASS">
          <reporter-output>
          </reporter-output>
        </test-method> <!-- addToCart -->
        <test-method signature="cart1()[pri:3, instance:TestScenarios.Registered_Checkout@5ab956d7]" started-at="2024-01-21T08:57:16 EST" name="cart1" finished-at="2024-01-21T08:57:20 EST" duration-ms="3402" status="PASS">
          <reporter-output>
          </reporter-output>
        </test-method> <!-- cart1 -->
        <test-method signature="place_ORDER()[pri:4, instance:TestScenarios.Registered_Checkout@5ab956d7]" started-at="2024-01-21T08:57:20 EST" name="place_ORDER" finished-at="2024-01-21T08:57:37 EST" duration-ms="17255" status="PASS">
          <reporter-output>
          </reporter-output>
        </test-method> <!-- place_ORDER -->
        <test-method is-config="true" signature="aftertest()[pri:0, instance:TestScenarios.Registered_Checkout@5ab956d7]" started-at="2024-01-21T08:58:10 EST" name="aftertest" finished-at="2024-01-21T08:58:11 EST" duration-ms="238" status="PASS">
          <reporter-output>
          </reporter-output>
        </test-method> <!-- aftertest -->
      </class> <!-- TestScenarios.Registered_Checkout -->
    </test> <!-- Test -->
  </suite> <!-- Suite -->
</testng-results>
